<?xml version="1.0" encoding="UTF-8"?>
<testsuite name="springchatapp.demo.DemoApplicationTests" tests="1" skipped="0" failures="0" errors="0" timestamp="2024-05-06T04:32:01" hostname="enuShonoMacBook-Air.local" time="0.383">
  <properties/>
  <testcase name="contextLoads()" classname="springchatapp.demo.DemoApplicationTests" time="0.383"/>
  <system-out><![CDATA[13:32:00.723 [Test worker] INFO org.springframework.test.context.support.AnnotationConfigContextLoaderUtils -- Could not detect default configuration classes for test class [springchatapp.demo.DemoApplicationTests]: DemoApplicationTests does not declare any static, non-private, non-final, nested classes annotated with @Configuration.
13:32:00.764 [Test worker] INFO org.springframework.boot.test.context.SpringBootTestContextBootstrapper -- Found @SpringBootConfiguration springchatapp.demo.DemoApplication for test class springchatapp.demo.DemoApplicationTests

  .   ____          _            __ _ _
 /\\ / ___'_ __ _ _(_)_ __  __ _ \ \ \ \
( ( )\___ | '_ | '_| | '_ \/ _` | \ \ \ \
 \\/  ___)| |_)| | | | | || (_| |  ) ) ) )
  '  |____| .__|_| |_|_| |_\__, | / / / /
 =========|_|==============|___/=/_/_/_/
 :: Spring Boot ::                (v3.2.1)

2024-05-06T13:32:00.910+09:00  INFO 2808 --- [    Test worker] s.demo.DemoApplicationTests              : Starting DemoApplicationTests using Java 17.0.9 with PID 2808 (started by sho.nakamura in /Users/sho.nakamura/learning/spring/todo_spring)
2024-05-06T13:32:00.910+09:00  INFO 2808 --- [    Test worker] s.demo.DemoApplicationTests              : No active profile set, falling back to 1 default profile: "default"
2024-05-06T13:32:01.670+09:00  INFO 2808 --- [    Test worker] s.demo.DemoApplicationTests              : Started DemoApplicationTests in 0.843 seconds (process running for 1.311)
]]></system-out>
  <system-err><![CDATA[]]></system-err>
</testsuite>
