<?xml version="1.0" encoding="UTF-8"?>
<testsuite name="springchatapp.demo.controller.TaskControllerTest" tests="4" skipped="0" failures="0" errors="0" timestamp="2024-05-06T04:32:02" hostname="enuShonoMacBook-Air.local" time="0.215">
  <properties/>
  <testcase name="タスクの登録が失敗した場合にレスポンスのステータスが500番台でデータに登録失敗メッセージが含まれている" classname="springchatapp.demo.controller.TaskControllerTest" time="0.175"/>
  <testcase name="タスクの登録が成功した場合にレスポンスのステータスが200番台でデータに登録成功メッセージが含まれている" classname="springchatapp.demo.controller.TaskControllerTest" time="0.011"/>
  <testcase name="タスク取得件数が0件の場合にレスポンスのステータスが200番台でデータに空のリストが含まれている" classname="springchatapp.demo.controller.TaskControllerTest" time="0.013"/>
  <testcase name="1件以上タスク取得ができた場合にレスポンスのステータスが200番台でデータに取得したステータスが含まれている" classname="springchatapp.demo.controller.TaskControllerTest" time="0.013"/>
  <system-out><![CDATA[2024-05-06T13:32:02.146+09:00  INFO 2808 --- [    Test worker] o.s.mock.web.MockServletContext          : Initializing Spring TestDispatcherServlet ''
2024-05-06T13:32:02.147+09:00  INFO 2808 --- [    Test worker] o.s.t.web.servlet.TestDispatcherServlet  : Initializing Servlet ''
2024-05-06T13:32:02.148+09:00  INFO 2808 --- [    Test worker] o.s.t.web.servlet.TestDispatcherServlet  : Completed initialization in 0 ms
2024-05-06T13:32:02.248+09:00  INFO 2808 --- [    Test worker] o.s.mock.web.MockServletContext          : Initializing Spring TestDispatcherServlet ''
2024-05-06T13:32:02.249+09:00  INFO 2808 --- [    Test worker] o.s.t.web.servlet.TestDispatcherServlet  : Initializing Servlet ''
2024-05-06T13:32:02.249+09:00  INFO 2808 --- [    Test worker] o.s.t.web.servlet.TestDispatcherServlet  : Completed initialization in 0 ms
2024-05-06T13:32:02.259+09:00  INFO 2808 --- [    Test worker] o.s.mock.web.MockServletContext          : Initializing Spring TestDispatcherServlet ''
2024-05-06T13:32:02.259+09:00  INFO 2808 --- [    Test worker] o.s.t.web.servlet.TestDispatcherServlet  : Initializing Servlet ''
2024-05-06T13:32:02.259+09:00  INFO 2808 --- [    Test worker] o.s.t.web.servlet.TestDispatcherServlet  : Completed initialization in 0 ms
2024-05-06T13:32:02.272+09:00  INFO 2808 --- [    Test worker] o.s.mock.web.MockServletContext          : Initializing Spring TestDispatcherServlet ''
2024-05-06T13:32:02.272+09:00  INFO 2808 --- [    Test worker] o.s.t.web.servlet.TestDispatcherServlet  : Initializing Servlet ''
2024-05-06T13:32:02.273+09:00  INFO 2808 --- [    Test worker] o.s.t.web.servlet.TestDispatcherServlet  : Completed initialization in 1 ms
]]></system-out>
  <system-err><![CDATA[]]></system-err>
</testsuite>
